#
#  Sense HAT logging started: Mon Sep 24 15:07:39 2018  *** Logging various events.
#
@["Time", 1537794459.828927, "The HatLogger log trial."]
@["Clear", [127, 127, 127]]
@["Pixel", 0, 0, [0, 0, 248]]
@["Pixel", 1, 1, [0, 0, 248]]
@["Pixel", 2, 2, [0, 0, 248]]
@["Pixel", 3, 3, [0, 0, 248]]
@["Pixel", 4, 4, [0, 0, 248]]
@["Pixel", 5, 5, [0, 0, 248]]
@["Pixel", 6, 6, [0, 0, 248]]
@["Pixel", 7, 7, [0, 0, 248]]
@["Pixel", 7, 0, [0, 252, 0]]
@["Pixel", 6, 1, [0, 252, 0]]
@["Pixel", 5, 2, [0, 252, 0]]
@["Pixel", 4, 3, [0, 252, 0]]
@["Pixel", 3, 4, [0, 252, 0]]
@["Pixel", 2, 5, [0, 252, 0]]
@["Pixel", 1, 6, [0, 252, 0]]
@["Pixel", 0, 7, [0, 252, 0]]
@["Pixelmap", [[127, 127, 127], [127, 127, 127], [127, 127, 127], [255, 0, 0], [255, 0, 0], [127, 127, 127], [127, 127, 127], [127, 127, 127], [127, 127, 127], [127, 127, 127], [255, 0, 0], [127, 127, 127], [127, 127, 127], [255, 0, 0], [127, 127, 127], [127, 127, 127], [127, 127, 127], [127, 127, 127], [127, 127, 127], [127, 127, 127], [127, 127, 127], [255, 0, 0], [127, 127, 127], [127, 127, 127], [127, 127, 127], [127, 127, 127], [127, 127, 127], [127, 127, 127], [255, 0, 0], [127, 127, 127], [127, 127, 127], [127, 127, 127], [127, 127, 127], [127, 127, 127], [127, 127, 127], [255, 0, 0], [127, 127, 127], [127, 127, 127], [127, 127, 127], [127, 127, 127], [127, 127, 127], [127, 127, 127], [127, 127, 127], [255, 0, 0], [127, 127, 127], [127, 127, 127], [127, 127, 127], [127, 127, 127], [127, 127, 127], [127, 127, 127], [127, 127, 127], [127, 127, 127], [127, 127, 127], [127, 127, 127], [127, 127, 127], [127, 127, 127], [127, 127, 127], [127, 127, 127], [127, 127, 127], [255, 0, 0], [127, 127, 127], [127, 127, 127], [127, 127, 127], [127, 127, 127]]]
@["Time", 1537794461.8506148]
@["Message", "None Shall Pass", 0.05, [127, 127, 127], [0, 0, 0]]
@["Time", 1537794469.0447135]
@["Letter", "0", [255, 255, 0], [0, 0, 0]]
@["Time", 1537794469.0558398]
@["Temperature", 33.2041015625]
@["Humidity", 18.89439582824707]
@["Pressure", 1020.885986328125]
@["Compass", 118.45364851121333]
@["Rotation", 180]
@["Time", 1537794472.2033916, "Ready for some rotations -- starting from 180"]
@["Rotation", 0]
@["Letter", "?", [127, 127, 127], [0, 0, 0]]
@["Time", 1537794473.2202778]
@["Rotation", 90]
@["Letter", "?", [127, 127, 127], [0, 0, 0]]
@["Time", 1537794474.2357686]
@["Rotation", 180]
@["Letter", "?", [127, 127, 127], [0, 0, 0]]
@["Time", 1537794475.2513916]
@["Rotation", 270]
@["Letter", "?", [127, 127, 127], [0, 0, 0]]
@["Time", 1537794476.2684238]
@["Rotation", 0]
@["Letter", "?", [0, 0, 0], [127, 127, 127]]
@["Joystick", 1537794481.579606, "right", "pressed"]
@["Joystick", 1537794481.765937, "right", "released"]
@["Joystick", 1537794482.54164, "left", "pressed"]
@["Joystick", 1537794482.771464, "left", "released"]
@["Joystick", 1537794483.144933, "left", "pressed"]
@["Joystick", 1537794483.331463, "left", "released"]
@["Joystick", 1537794484.350247, "right", "pressed"]
@["Joystick", 1537794484.551344, "right", "released"]
@["Joystick", 1537794484.766789, "right", "pressed"]
@["Joystick", 1537794484.967909, "right", "released"]
@["Joystick", 1537794485.226466, "right", "pressed"]
@["Joystick", 1537794485.441928, "right", "released"]
@["Joystick", 1537794487.897093, "middle", "pressed"]
@["Time", 1537794488.914587]
@["Clear", [0, 0, 0]]
#
#  Sense HAT logging stopped: Mon Sep 24 15:08:08 2018 HatLogger.log *** finished logging.
#
